This file contains any messages produced by compilers while
running configure, to aid debugging if configure makes a mistake.

It was created by dbt2 configure 0.37.50, which was
generated by GNU Autoconf 2.69.  Invocation command line was

  $ ./configure --with-mysql=/home/hdp/mronstro/irondb-21.04.0-linux-glibc2.17-x86_64

## --------- ##
## Platform. ##
## --------- ##

hostname = hdptest1.north.sics.se
uname -m = x86_64
uname -r = 3.10.0-1160.6.1.el7.x86_64
uname -s = Linux
uname -v = #1 SMP Tue Nov 17 13:59:11 UTC 2020

/usr/bin/uname -p = x86_64
/bin/uname -X     = unknown

/bin/arch              = x86_64
/usr/bin/arch -k       = unknown
/usr/convex/getsysinfo = unknown
/usr/bin/hostinfo      = unknown
/bin/machine           = unknown
/usr/bin/oslevel       = unknown
/bin/universe          = unknown

PATH: /usr/lib64/qt-3.3/bin
PATH: /usr/local/bin
PATH: /usr/bin
PATH: /usr/local/sbin
PATH: /usr/sbin
PATH: /srv/hops/mysql/bin
PATH: /srv/hops/hadoop/bin
PATH: /srv/hops/apache-hive/bin
PATH: /var/lib/snapd/snap/bin
PATH: /home/hdp/.local/bin
PATH: /home/hdp/bin


## ----------- ##
## Core tests. ##
## ----------- ##

configure:2292: checking for a BSD-compatible install
configure:2360: result: /usr/bin/install -c
configure:2371: checking whether build environment is sane
configure:2426: result: yes
configure:2464: WARNING: 'missing' script is too old or missing
configure:2577: checking for a thread-safe mkdir -p
configure:2616: result: /usr/bin/mkdir -p
configure:2623: checking for gawk
configure:2639: found /usr/bin/gawk
configure:2650: result: gawk
configure:2661: checking whether make sets $(MAKE)
configure:2683: result: yes
configure:2712: checking whether make supports nested variables
configure:2729: result: yes
configure:2824: checking build system type
configure:2838: result: x86_64-unknown-linux-gnu
configure:2890: checking for gawk
configure:2917: result: gawk
configure:2976: checking for gcc
configure:2992: found /usr/bin/gcc
configure:3003: result: gcc
configure:3232: checking for C compiler version
configure:3241: gcc --version >&5
gcc (GCC) 4.8.5 20150623 (Red Hat 4.8.5-44)
Copyright (C) 2015 Free Software Foundation, Inc.
This is free software; see the source for copying conditions.  There is NO
warranty; not even for MERCHANTABILITY or FITNESS FOR A PARTICULAR PURPOSE.

configure:3252: $? = 0
configure:3241: gcc -v >&5
Using built-in specs.
COLLECT_GCC=gcc
COLLECT_LTO_WRAPPER=/usr/libexec/gcc/x86_64-redhat-linux/4.8.5/lto-wrapper
Target: x86_64-redhat-linux
Configured with: ../configure --prefix=/usr --mandir=/usr/share/man --infodir=/usr/share/info --with-bugurl=http://bugzilla.redhat.com/bugzilla --enable-bootstrap --enable-shared --enable-threads=posix --enable-checking=release --with-system-zlib --enable-__cxa_atexit --disable-libunwind-exceptions --enable-gnu-unique-object --enable-linker-build-id --with-linker-hash-style=gnu --enable-languages=c,c++,objc,obj-c++,java,fortran,ada,go,lto --enable-plugin --enable-initfini-array --disable-libgcj --with-isl=/builddir/build/BUILD/gcc-4.8.5-20150702/obj-x86_64-redhat-linux/isl-install --with-cloog=/builddir/build/BUILD/gcc-4.8.5-20150702/obj-x86_64-redhat-linux/cloog-install --enable-gnu-indirect-function --with-tune=generic --with-arch_32=x86-64 --build=x86_64-redhat-linux
Thread model: posix
gcc version 4.8.5 20150623 (Red Hat 4.8.5-44) (GCC) 
configure:3252: $? = 0
configure:3241: gcc -V >&5
gcc: error: unrecognized command line option '-V'
gcc: fatal error: no input files
compilation terminated.
configure:3252: $? = 4
configure:3241: gcc -qversion >&5
gcc: error: unrecognized command line option '-qversion'
gcc: fatal error: no input files
compilation terminated.
configure:3252: $? = 4
configure:3272: checking whether the C compiler works
configure:3294: gcc    conftest.c  >&5
configure:3298: $? = 0
configure:3346: result: yes
configure:3349: checking for C compiler default output file name
configure:3351: result: a.out
configure:3357: checking for suffix of executables
configure:3364: gcc -o conftest    conftest.c  >&5
configure:3368: $? = 0
configure:3390: result: 
configure:3412: checking whether we are cross compiling
configure:3420: gcc -o conftest    conftest.c  >&5
configure:3424: $? = 0
configure:3431: ./conftest
configure:3435: $? = 0
configure:3450: result: no
configure:3455: checking for suffix of object files
configure:3477: gcc -c   conftest.c >&5
configure:3481: $? = 0
configure:3502: result: o
configure:3506: checking whether we are using the GNU C compiler
configure:3525: gcc -c   conftest.c >&5
configure:3525: $? = 0
configure:3534: result: yes
configure:3543: checking whether gcc accepts -g
configure:3563: gcc -c -g  conftest.c >&5
configure:3563: $? = 0
configure:3604: result: yes
configure:3621: checking for gcc option to accept ISO C89
configure:3684: gcc  -c -g -O2  conftest.c >&5
configure:3684: $? = 0
configure:3697: result: none needed
configure:3728: checking for style of include used by make
configure:3756: result: GNU
configure:3782: checking dependency style of gcc
configure:3893: result: none
configure:3966: checking for g++
configure:3982: found /usr/bin/g++
configure:3993: result: g++
configure:4020: checking for C++ compiler version
configure:4029: g++ --version >&5
g++ (GCC) 4.8.5 20150623 (Red Hat 4.8.5-44)
Copyright (C) 2015 Free Software Foundation, Inc.
This is free software; see the source for copying conditions.  There is NO
warranty; not even for MERCHANTABILITY or FITNESS FOR A PARTICULAR PURPOSE.

configure:4040: $? = 0
configure:4029: g++ -v >&5
Using built-in specs.
COLLECT_GCC=g++
COLLECT_LTO_WRAPPER=/usr/libexec/gcc/x86_64-redhat-linux/4.8.5/lto-wrapper
Target: x86_64-redhat-linux
Configured with: ../configure --prefix=/usr --mandir=/usr/share/man --infodir=/usr/share/info --with-bugurl=http://bugzilla.redhat.com/bugzilla --enable-bootstrap --enable-shared --enable-threads=posix --enable-checking=release --with-system-zlib --enable-__cxa_atexit --disable-libunwind-exceptions --enable-gnu-unique-object --enable-linker-build-id --with-linker-hash-style=gnu --enable-languages=c,c++,objc,obj-c++,java,fortran,ada,go,lto --enable-plugin --enable-initfini-array --disable-libgcj --with-isl=/builddir/build/BUILD/gcc-4.8.5-20150702/obj-x86_64-redhat-linux/isl-install --with-cloog=/builddir/build/BUILD/gcc-4.8.5-20150702/obj-x86_64-redhat-linux/cloog-install --enable-gnu-indirect-function --with-tune=generic --with-arch_32=x86-64 --build=x86_64-redhat-linux
Thread model: posix
gcc version 4.8.5 20150623 (Red Hat 4.8.5-44) (GCC) 
configure:4040: $? = 0
configure:4029: g++ -V >&5
g++: error: unrecognized command line option '-V'
g++: fatal error: no input files
compilation terminated.
configure:4040: $? = 4
configure:4029: g++ -qversion >&5
g++: error: unrecognized command line option '-qversion'
g++: fatal error: no input files
compilation terminated.
configure:4040: $? = 4
configure:4044: checking whether we are using the GNU C++ compiler
configure:4063: g++ -c   conftest.cpp >&5
configure:4063: $? = 0
configure:4072: result: yes
configure:4081: checking whether g++ accepts -g
configure:4101: g++ -c -g  conftest.cpp >&5
configure:4101: $? = 0
configure:4142: result: yes
configure:4167: checking dependency style of g++
configure:4278: result: none
configure:4298: checking for grep
configure:4317: found /usr/bin/grep
configure:4329: result: /usr/bin/grep
configure:4349: checking for vmstat
configure:4368: found /usr/bin/vmstat
configure:4380: result: /usr/bin/vmstat
configure:4401: checking for iostat
configure:4420: found /usr/bin/iostat
configure:4432: result: /usr/bin/iostat
configure:4453: checking for gnuplot
configure:4487: result: no
configure:4497: WARNING: *** gnuplot not found some scripts may not be usable
configure:4505: checking for sar
configure:4524: found /usr/bin/sar
configure:4536: result: /usr/bin/sar
configure:4557: checking for sysctl
configure:4576: found /usr/sbin/sysctl
configure:4588: result: /usr/sbin/sysctl
configure:4611: checking how to run the C preprocessor
configure:4642: gcc -E  conftest.c
configure:4642: $? = 0
configure:4656: gcc -E  conftest.c
conftest.c:13:28: fatal error: ac_nonexistent.h: No such file or directory
 #include <ac_nonexistent.h>
                            ^
compilation terminated.
configure:4656: $? = 1
configure: failed program was:
| /* confdefs.h */
| #define PACKAGE_NAME "dbt2"
| #define PACKAGE_TARNAME "dbt2"
| #define PACKAGE_VERSION "0.37.50"
| #define PACKAGE_STRING "dbt2 0.37.50"
| #define PACKAGE_BUGREPORT "osdldbt-general@lists.sourceforge.net"
| #define PACKAGE_URL ""
| #define PACKAGE "dbt2"
| #define VERSION "0.37.50"
| #define LINUX 1
| #define BROKEN_SEMAPHORES 1
| /* end confdefs.h.  */
| #include <ac_nonexistent.h>
configure:4681: result: gcc -E
configure:4701: gcc -E  conftest.c
configure:4701: $? = 0
configure:4715: gcc -E  conftest.c
conftest.c:13:28: fatal error: ac_nonexistent.h: No such file or directory
 #include <ac_nonexistent.h>
                            ^
compilation terminated.
configure:4715: $? = 1
configure: failed program was:
| /* confdefs.h */
| #define PACKAGE_NAME "dbt2"
| #define PACKAGE_TARNAME "dbt2"
| #define PACKAGE_VERSION "0.37.50"
| #define PACKAGE_STRING "dbt2 0.37.50"
| #define PACKAGE_BUGREPORT "osdldbt-general@lists.sourceforge.net"
| #define PACKAGE_URL ""
| #define PACKAGE "dbt2"
| #define VERSION "0.37.50"
| #define LINUX 1
| #define BROKEN_SEMAPHORES 1
| /* end confdefs.h.  */
| #include <ac_nonexistent.h>
configure:4744: checking for grep that handles long lines and -e
configure:4802: result: /usr/bin/grep
configure:4807: checking for egrep
configure:4869: result: /usr/bin/grep
configure:4874: checking for ANSI C header files
configure:4894: gcc -c -g -O2  conftest.c >&5
configure:4894: $? = 0
configure:4967: gcc -o conftest -g -O2   conftest.c  >&5
configure:4967: $? = 0
configure:4967: ./conftest
configure:4967: $? = 0
configure:4978: result: yes
configure:4991: checking for sys/types.h
configure:4991: gcc -c -g -O2  conftest.c >&5
configure:4991: $? = 0
configure:4991: result: yes
configure:4991: checking for sys/stat.h
configure:4991: gcc -c -g -O2  conftest.c >&5
configure:4991: $? = 0
configure:4991: result: yes
configure:4991: checking for stdlib.h
configure:4991: gcc -c -g -O2  conftest.c >&5
configure:4991: $? = 0
configure:4991: result: yes
configure:4991: checking for string.h
configure:4991: gcc -c -g -O2  conftest.c >&5
configure:4991: $? = 0
configure:4991: result: yes
configure:4991: checking for memory.h
configure:4991: gcc -c -g -O2  conftest.c >&5
configure:4991: $? = 0
configure:4991: result: yes
configure:4991: checking for strings.h
configure:4991: gcc -c -g -O2  conftest.c >&5
configure:4991: $? = 0
configure:4991: result: yes
configure:4991: checking for inttypes.h
configure:4991: gcc -c -g -O2  conftest.c >&5
configure:4991: $? = 0
configure:4991: result: yes
configure:4991: checking for stdint.h
configure:4991: gcc -c -g -O2  conftest.c >&5
configure:4991: $? = 0
configure:4991: result: yes
configure:4991: checking for unistd.h
configure:4991: gcc -c -g -O2  conftest.c >&5
configure:4991: $? = 0
configure:4991: result: yes
configure:5003: checking semaphore.h usability
configure:5003: gcc -c -g -O2  conftest.c >&5
configure:5003: $? = 0
configure:5003: result: yes
configure:5003: checking semaphore.h presence
configure:5003: gcc -E  conftest.c
configure:5003: $? = 0
configure:5003: result: yes
configure:5003: checking for semaphore.h
configure:5003: result: yes
configure:5013: checking pthread.h usability
configure:5013: gcc -c -g -O2  conftest.c >&5
configure:5013: $? = 0
configure:5013: result: yes
configure:5013: checking pthread.h presence
configure:5013: gcc -E  conftest.c
configure:5013: $? = 0
configure:5013: result: yes
configure:5013: checking for pthread.h
configure:5013: result: yes
configure:5023: checking for pthread_create in -lpthread
configure:5048: gcc -o conftest -g -O2   conftest.c -lpthread   >&5
configure:5048: $? = 0
configure:5057: result: yes
configure:5069: checking for sem_init in -lposix4
configure:5094: gcc -o conftest -g -O2   conftest.c -lposix4  -lpthread  >&5
/usr/bin/ld: cannot find -lposix4
collect2: error: ld returned 1 exit status
configure:5094: $? = 1
configure: failed program was:
| /* confdefs.h */
| #define PACKAGE_NAME "dbt2"
| #define PACKAGE_TARNAME "dbt2"
| #define PACKAGE_VERSION "0.37.50"
| #define PACKAGE_STRING "dbt2 0.37.50"
| #define PACKAGE_BUGREPORT "osdldbt-general@lists.sourceforge.net"
| #define PACKAGE_URL ""
| #define PACKAGE "dbt2"
| #define VERSION "0.37.50"
| #define LINUX 1
| #define BROKEN_SEMAPHORES 1
| #define STDC_HEADERS 1
| #define HAVE_SYS_TYPES_H 1
| #define HAVE_SYS_STAT_H 1
| #define HAVE_STDLIB_H 1
| #define HAVE_STRING_H 1
| #define HAVE_MEMORY_H 1
| #define HAVE_STRINGS_H 1
| #define HAVE_INTTYPES_H 1
| #define HAVE_STDINT_H 1
| #define HAVE_UNISTD_H 1
| #define HAVE_LIBPTHREAD 1
| /* end confdefs.h.  */
| 
| /* Override any GCC internal prototype to avoid an error.
|    Use char because int might match the return type of a GCC
|    builtin and then its argument prototype would still apply.  */
| #ifdef __cplusplus
| extern "C"
| #endif
| char sem_init ();
| int
| main ()
| {
| return sem_init ();
|   ;
|   return 0;
| }
configure:5103: result: no
configure:5262: checking for main in -lm
configure:5281: gcc -o conftest -g -O2   conftest.c -lm  -lpthread  >&5
configure:5281: $? = 0
configure:5290: result: yes
configure:5302: checking for library containing socket
configure:5333: gcc -o conftest -g -O2   conftest.c -lm -lpthread  >&5
configure:5333: $? = 0
configure:5350: result: none required
configure:5360: checking for library containing gethostbyname
configure:5391: gcc -o conftest -g -O2   conftest.c -lm -lpthread  >&5
configure:5391: $? = 0
configure:5408: result: none required
configure:5436: checking getopt.h usability
configure:5436: gcc -c -Wall -g -O2  conftest.c >&5
configure:5436: $? = 0
configure:5436: result: yes
configure:5436: checking getopt.h presence
configure:5436: gcc -E  conftest.c
configure:5436: $? = 0
configure:5436: result: yes
configure:5436: checking for getopt.h
configure:5436: result: yes
configure:5444: checking for library containing getopt_long
configure:5475: gcc -o conftest -Wall -g -O2   conftest.c -lm -lpthread  >&5
configure:5475: $? = 0
configure:5492: result: none required
configure:6044: checking Version of MySQL headers
configure:6050: result: 210400
configure:6060: checking MySQL C flags(mysql_config)
configure:6062: result: -I/home/hdp/mronstro/irondb-21.04.0-linux-glibc2.17-x86_64/include 
configure:6065: checking MySQL linker flags(mysql_config)
configure:6067: result: -L/home/hdp/mronstro/irondb-21.04.0-linux-glibc2.17-x86_64/lib -Wl,-R,/home/hdp/mronstro/irondb-21.04.0-linux-glibc2.17-x86_64/lib -L/home/hdp/mronstro/irondb-21.04.0-linux-glibc2.17-x86_64/lib/private -Wl,-R,/home/hdp/mronstro/irondb-21.04.0-linux-glibc2.17-x86_64/lib/private -lmysqlclient -lpthread -lm -lrt -lcrypto -lssl -ldl -lresolv
configure:6117: checking for ANSI C header files
configure:6221: result: yes
configure:6230: checking for an ANSI C-conforming const
configure:6296: gcc -c -Wall -g -O2 -I/home/hdp/mronstro/irondb-21.04.0-linux-glibc2.17-x86_64/include   conftest.c >&5
configure:6296: $? = 0
configure:6303: result: yes
configure:6311: checking whether time.h and sys/time.h may both be included
configure:6331: gcc -c -Wall -g -O2 -I/home/hdp/mronstro/irondb-21.04.0-linux-glibc2.17-x86_64/include   conftest.c >&5
configure:6331: $? = 0
configure:6338: result: yes
configure:6346: checking whether struct tm is in sys/time.h or time.h
configure:6366: gcc -c -Wall -g -O2 -I/home/hdp/mronstro/irondb-21.04.0-linux-glibc2.17-x86_64/include   conftest.c >&5
configure:6366: $? = 0
configure:6373: result: time.h
configure:6384: checking for vprintf
configure:6384: gcc -o conftest -Wall -g -O2 -I/home/hdp/mronstro/irondb-21.04.0-linux-glibc2.17-x86_64/include    conftest.c -lm -lpthread  -L/home/hdp/mronstro/irondb-21.04.0-linux-glibc2.17-x86_64/lib -Wl,-R,/home/hdp/mronstro/irondb-21.04.0-linux-glibc2.17-x86_64/lib -L/home/hdp/mronstro/irondb-21.04.0-linux-glibc2.17-x86_64/lib/private -Wl,-R,/home/hdp/mronstro/irondb-21.04.0-linux-glibc2.17-x86_64/lib/private -lmysqlclient -lpthread -lm -lrt -lcrypto -lssl -ldl -lresolv >&5
conftest.c:52:6: warning: conflicting types for built-in function 'vprintf' [enabled by default]
 char vprintf ();
      ^
configure:6384: $? = 0
configure:6384: result: yes
configure:6390: checking for _doprnt
configure:6390: gcc -o conftest -Wall -g -O2 -I/home/hdp/mronstro/irondb-21.04.0-linux-glibc2.17-x86_64/include    conftest.c -lm -lpthread  -L/home/hdp/mronstro/irondb-21.04.0-linux-glibc2.17-x86_64/lib -Wl,-R,/home/hdp/mronstro/irondb-21.04.0-linux-glibc2.17-x86_64/lib -L/home/hdp/mronstro/irondb-21.04.0-linux-glibc2.17-x86_64/lib/private -Wl,-R,/home/hdp/mronstro/irondb-21.04.0-linux-glibc2.17-x86_64/lib/private -lmysqlclient -lpthread -lm -lrt -lcrypto -lssl -ldl -lresolv >&5
/tmp/ccNiR3pX.o: In function `main':
/home/hdp/mronstro/dbt2-0.37.50.17/conftest.c:64: undefined reference to `_doprnt'
collect2: error: ld returned 1 exit status
configure:6390: $? = 1
configure: failed program was:
| /* confdefs.h */
| #define PACKAGE_NAME "dbt2"
| #define PACKAGE_TARNAME "dbt2"
| #define PACKAGE_VERSION "0.37.50"
| #define PACKAGE_STRING "dbt2 0.37.50"
| #define PACKAGE_BUGREPORT "osdldbt-general@lists.sourceforge.net"
| #define PACKAGE_URL ""
| #define PACKAGE "dbt2"
| #define VERSION "0.37.50"
| #define LINUX 1
| #define BROKEN_SEMAPHORES 1
| #define STDC_HEADERS 1
| #define HAVE_SYS_TYPES_H 1
| #define HAVE_SYS_STAT_H 1
| #define HAVE_STDLIB_H 1
| #define HAVE_STRING_H 1
| #define HAVE_MEMORY_H 1
| #define HAVE_STRINGS_H 1
| #define HAVE_INTTYPES_H 1
| #define HAVE_STDINT_H 1
| #define HAVE_UNISTD_H 1
| #define HAVE_LIBPTHREAD 1
| #define HAVE_LIBM 1
| #define MYSQL_SP 1
| #define LIBMYSQL 1
| #define STDC_HEADERS 1
| #define TIME_WITH_SYS_TIME 1
| #define HAVE_VPRINTF 1
| /* end confdefs.h.  */
| /* Define _doprnt to an innocuous variant, in case <limits.h> declares _doprnt.
|    For example, HP-UX 11i <limits.h> declares gettimeofday.  */
| #define _doprnt innocuous__doprnt
| 
| /* System header to define __stub macros and hopefully few prototypes,
|     which can conflict with char _doprnt (); below.
|     Prefer <limits.h> to <assert.h> if __STDC__ is defined, since
|     <limits.h> exists even on freestanding compilers.  */
| 
| #ifdef __STDC__
| # include <limits.h>
| #else
| # include <assert.h>
| #endif
| 
| #undef _doprnt
| 
| /* Override any GCC internal prototype to avoid an error.
|    Use char because int might match the return type of a GCC
|    builtin and then its argument prototype would still apply.  */
| #ifdef __cplusplus
| extern "C"
| #endif
| char _doprnt ();
| /* The GNU C library defines this for functions which it implements
|     to always fail with ENOSYS.  Some functions are actually named
|     something starting with __ and the normal name is an alias.  */
| #if defined __stub__doprnt || defined __stub____doprnt
| choke me
| #endif
| 
| int
| main ()
| {
| return _doprnt ();
|   ;
|   return 0;
| }
configure:6390: result: no
configure:6404: checking for gettimeofday
configure:6404: gcc -o conftest -Wall -g -O2 -I/home/hdp/mronstro/irondb-21.04.0-linux-glibc2.17-x86_64/include    conftest.c -lm -lpthread  -L/home/hdp/mronstro/irondb-21.04.0-linux-glibc2.17-x86_64/lib -Wl,-R,/home/hdp/mronstro/irondb-21.04.0-linux-glibc2.17-x86_64/lib -L/home/hdp/mronstro/irondb-21.04.0-linux-glibc2.17-x86_64/lib/private -Wl,-R,/home/hdp/mronstro/irondb-21.04.0-linux-glibc2.17-x86_64/lib/private -lmysqlclient -lpthread -lm -lrt -lcrypto -lssl -ldl -lresolv >&5
configure:6404: $? = 0
configure:6404: result: yes
configure:6404: checking for socket
configure:6404: gcc -o conftest -Wall -g -O2 -I/home/hdp/mronstro/irondb-21.04.0-linux-glibc2.17-x86_64/include    conftest.c -lm -lpthread  -L/home/hdp/mronstro/irondb-21.04.0-linux-glibc2.17-x86_64/lib -Wl,-R,/home/hdp/mronstro/irondb-21.04.0-linux-glibc2.17-x86_64/lib -L/home/hdp/mronstro/irondb-21.04.0-linux-glibc2.17-x86_64/lib/private -Wl,-R,/home/hdp/mronstro/irondb-21.04.0-linux-glibc2.17-x86_64/lib/private -lmysqlclient -lpthread -lm -lrt -lcrypto -lssl -ldl -lresolv >&5
configure:6404: $? = 0
configure:6404: result: yes
configure:6421: checking for special C compiler options needed for large files
configure:6466: result: no
configure:6472: checking for _FILE_OFFSET_BITS value needed for large files
configure:6497: gcc -c -Wall -g -O2 -I/home/hdp/mronstro/irondb-21.04.0-linux-glibc2.17-x86_64/include   conftest.c >&5
configure:6497: $? = 0
configure:6529: result: no
configure:6739: checking that generated files are newer than configure
configure:6745: result: done
configure:6776: creating ./config.status

## ---------------------- ##
## Running config.status. ##
## ---------------------- ##

This file was extended by dbt2 config.status 0.37.50, which was
generated by GNU Autoconf 2.69.  Invocation command line was

  CONFIG_FILES    = 
  CONFIG_HEADERS  = 
  CONFIG_LINKS    = 
  CONFIG_COMMANDS = 
  $ ./config.status 

on hdptest1.north.sics.se

config.status:890: creating Makefile
config.status:890: creating src/Makefile
config.status:890: creating storedproc/Makefile
config.status:890: creating config.h
config.status:1071: config.h is unchanged
config.status:1119: executing depfiles commands

## ---------------- ##
## Cache variables. ##
## ---------------- ##

ac_cv_build=x86_64-unknown-linux-gnu
ac_cv_c_compiler_gnu=yes
ac_cv_c_const=yes
ac_cv_cxx_compiler_gnu=yes
ac_cv_env_CCC_set=
ac_cv_env_CCC_value=
ac_cv_env_CC_set=
ac_cv_env_CC_value=
ac_cv_env_CFLAGS_set=
ac_cv_env_CFLAGS_value=
ac_cv_env_CPPFLAGS_set=
ac_cv_env_CPPFLAGS_value=
ac_cv_env_CPP_set=
ac_cv_env_CPP_value=
ac_cv_env_CXXFLAGS_set=
ac_cv_env_CXXFLAGS_value=
ac_cv_env_CXX_set=
ac_cv_env_CXX_value=
ac_cv_env_LDFLAGS_set=
ac_cv_env_LDFLAGS_value=
ac_cv_env_LIBS_set=
ac_cv_env_LIBS_value=
ac_cv_env_build_alias_set=
ac_cv_env_build_alias_value=
ac_cv_env_host_alias_set=
ac_cv_env_host_alias_value=
ac_cv_env_target_alias_set=
ac_cv_env_target_alias_value=
ac_cv_func__doprnt=no
ac_cv_func_gettimeofday=yes
ac_cv_func_socket=yes
ac_cv_func_vprintf=yes
ac_cv_header_getopt_h=yes
ac_cv_header_inttypes_h=yes
ac_cv_header_memory_h=yes
ac_cv_header_pthread_h=yes
ac_cv_header_semaphore_h=yes
ac_cv_header_stdc=yes
ac_cv_header_stdint_h=yes
ac_cv_header_stdlib_h=yes
ac_cv_header_string_h=yes
ac_cv_header_strings_h=yes
ac_cv_header_sys_stat_h=yes
ac_cv_header_sys_types_h=yes
ac_cv_header_time=yes
ac_cv_header_unistd_h=yes
ac_cv_lib_m_main=yes
ac_cv_lib_posix4_sem_init=no
ac_cv_lib_pthread_pthread_create=yes
ac_cv_mysql_root=/home/hdp/mronstro/irondb-21.04.0-linux-glibc2.17-x86_64
ac_cv_objext=o
ac_cv_path_EGREP=/usr/bin/grep
ac_cv_path_GREP=/usr/bin/grep
ac_cv_path_IOSTAT=/usr/bin/iostat
ac_cv_path_SAR=/usr/bin/sar
ac_cv_path_SYSCTL=/usr/sbin/sysctl
ac_cv_path_VMSTAT=/usr/bin/vmstat
ac_cv_path_install='/usr/bin/install -c'
ac_cv_path_mkdir=/usr/bin/mkdir
ac_cv_prog_AWK=gawk
ac_cv_prog_CPP='gcc -E'
ac_cv_prog_ac_ct_CC=gcc
ac_cv_prog_ac_ct_CXX=g++
ac_cv_prog_cc_c89=
ac_cv_prog_cc_g=yes
ac_cv_prog_cxx_g=yes
ac_cv_prog_make_make_set=yes
ac_cv_search_gethostbyname='none required'
ac_cv_search_getopt_long='none required'
ac_cv_search_socket='none required'
ac_cv_struct_tm=time.h
ac_cv_sys_file_offset_bits=no
ac_cv_sys_largefile_CC=no
ac_cv_use_mysql=/home/hdp/mronstro/irondb-21.04.0-linux-glibc2.17-x86_64
am_cv_CC_dependencies_compiler_type=none
am_cv_CXX_dependencies_compiler_type=none
am_cv_make_support_nested_variables=yes

## ----------------- ##
## Output variables. ##
## ----------------- ##

ACLOCAL='aclocal-1.13'
AMDEPBACKSLASH='\'
AMDEP_FALSE='#'
AMDEP_TRUE=''
AMTAR='$${TAR-tar}'
AM_BACKSLASH='\'
AM_DEFAULT_V='$(AM_DEFAULT_VERBOSITY)'
AM_DEFAULT_VERBOSITY='1'
AM_V='$(V)'
AUTOCONF='autoconf'
AUTOHEADER='autoheader'
AUTOMAKE='automake-1.13'
AWK='gawk'
CC='gcc'
CCDEPMODE='depmode=none'
CFLAGS='-Wall -g -O2 -I/home/hdp/mronstro/irondb-21.04.0-linux-glibc2.17-x86_64/include '
CPP='gcc -E'
CPPFLAGS=''
CXX='g++'
CXXDEPMODE='depmode=none'
CXXFLAGS='-g -O2'
CYGPATH_W='echo'
DBC_CORE='mysql'
DBC_FUNCTIONS='mysql'
DEFS='-DHAVE_CONFIG_H'
DEPDIR='.deps'
ECHO_C=''
ECHO_N='-n'
ECHO_T=''
EGREP='/usr/bin/grep'
EXEEXT=''
GNUPLOT=''
GREP='/usr/bin/grep'
INSTALL_DATA='${INSTALL} -m 644'
INSTALL_PROGRAM='${INSTALL}'
INSTALL_SCRIPT='${INSTALL}'
INSTALL_STRIP_PROGRAM='$(install_sh) -c -s'
IOSTAT='/usr/bin/iostat'
LDFLAGS=''
LIBOBJS=''
LIBS='-lm -lpthread  -L/home/hdp/mronstro/irondb-21.04.0-linux-glibc2.17-x86_64/lib -Wl,-R,/home/hdp/mronstro/irondb-21.04.0-linux-glibc2.17-x86_64/lib -L/home/hdp/mronstro/irondb-21.04.0-linux-glibc2.17-x86_64/lib/private -Wl,-R,/home/hdp/mronstro/irondb-21.04.0-linux-glibc2.17-x86_64/lib/private -lmysqlclient -lpthread -lm -lrt -lcrypto -lssl -ldl -lresolv'
LTLIBOBJS=''
MAKEINFO='makeinfo'
MKDIR_P='/usr/bin/mkdir -p'
MYSQL_DIR='/home/hdp/mronstro/irondb-21.04.0-linux-glibc2.17-x86_64'
NONSP_FALSE=''
NONSP_TRUE='#'
OBJEXT='o'
PACKAGE='dbt2'
PACKAGE_BUGREPORT='osdldbt-general@lists.sourceforge.net'
PACKAGE_NAME='dbt2'
PACKAGE_STRING='dbt2 0.37.50'
PACKAGE_TARNAME='dbt2'
PACKAGE_URL=''
PACKAGE_VERSION='0.37.50'
PATH_SEPARATOR=':'
SAR='/usr/bin/sar'
SET_MAKE=''
SHELL='/bin/sh'
SP_DIR=''
STRIP=''
SYSCTL='/usr/sbin/sysctl'
VERSION='0.37.50'
VMSTAT='/usr/bin/vmstat'
ac_ct_CC='gcc'
ac_ct_CXX='g++'
am__EXEEXT_FALSE=''
am__EXEEXT_TRUE='#'
am__fastdepCC_FALSE=''
am__fastdepCC_TRUE='#'
am__fastdepCXX_FALSE=''
am__fastdepCXX_TRUE='#'
am__include='include'
am__isrc=''
am__leading_dot='.'
am__nodep='_no'
am__quote=''
am__tar='$${TAR-tar} chof - "$$tardir"'
am__untar='$${TAR-tar} xf -'
bindir='${exec_prefix}/bin'
build='x86_64-unknown-linux-gnu'
build_alias=''
build_cpu='x86_64'
build_os='linux-gnu'
build_vendor='unknown'
database_to_use='mysql'
datadir='${datarootdir}'
datarootdir='${prefix}/share'
docdir='${datarootdir}/doc/${PACKAGE_TARNAME}'
dvidir='${docdir}'
exec_prefix='${prefix}'
host_alias=''
htmldir='${docdir}'
includedir='${prefix}/include'
infodir='${datarootdir}/info'
install_sh='${SHELL} /home/hdp/mronstro/dbt2-0.37.50.17/install-sh'
libdir='${exec_prefix}/lib'
libexecdir='${exec_prefix}/libexec'
localedir='${datarootdir}/locale'
localstatedir='${prefix}/var'
mandir='${datarootdir}/man'
mkdir_p='$(MKDIR_P)'
mysqlconfig='/home/hdp/mronstro/irondb-21.04.0-linux-glibc2.17-x86_64/bin/mysql_config'
oldincludedir='/usr/include'
pdfdir='${docdir}'
prefix='/usr/local'
program_transform_name='s,x,x,'
psdir='${docdir}'
sbindir='${exec_prefix}/sbin'
sharedstatedir='${prefix}/com'
sysconfdir='${prefix}/etc'
target_alias=''

## ----------- ##
## confdefs.h. ##
## ----------- ##

/* confdefs.h */
#define PACKAGE_NAME "dbt2"
#define PACKAGE_TARNAME "dbt2"
#define PACKAGE_VERSION "0.37.50"
#define PACKAGE_STRING "dbt2 0.37.50"
#define PACKAGE_BUGREPORT "osdldbt-general@lists.sourceforge.net"
#define PACKAGE_URL ""
#define PACKAGE "dbt2"
#define VERSION "0.37.50"
#define LINUX 1
#define BROKEN_SEMAPHORES 1
#define STDC_HEADERS 1
#define HAVE_SYS_TYPES_H 1
#define HAVE_SYS_STAT_H 1
#define HAVE_STDLIB_H 1
#define HAVE_STRING_H 1
#define HAVE_MEMORY_H 1
#define HAVE_STRINGS_H 1
#define HAVE_INTTYPES_H 1
#define HAVE_STDINT_H 1
#define HAVE_UNISTD_H 1
#define HAVE_LIBPTHREAD 1
#define HAVE_LIBM 1
#define MYSQL_SP 1
#define LIBMYSQL 1
#define STDC_HEADERS 1
#define TIME_WITH_SYS_TIME 1
#define HAVE_VPRINTF 1
#define HAVE_GETTIMEOFDAY 1
#define HAVE_SOCKET 1

configure: exit 0
